> Task :checkKotlinGradlePluginConfigurationErrors

> Task :compileKotlin
e: file:///home/sujeet/moovie/hf-scrapers-api/src/main/kotlin/com/moovie/plugins/ProviderRegistry.kt:40:98 Type mismatch: inferred type is Int? but String? was expected
e: file:///home/sujeet/moovie/hf-scrapers-api/src/main/kotlin/com/moovie/plugins/ProviderRegistry.kt:40:123 Type mismatch: inferred type is (SubtitleFile) -> Unit but Int? was expected
e: file:///home/sujeet/moovie/hf-scrapers-api/src/main/kotlin/com/moovie/plugins/ProviderRegistry.kt:40:130 Type mismatch: inferred type is (ExtractorLink) -> Unit but (SubtitleFile) -> Unit was expected
e: file:///home/sujeet/moovie/hf-scrapers-api/src/main/kotlin/com/moovie/plugins/ProviderRegistry.kt:40:130 No value passed for parameter 'callback'
e: file:///home/sujeet/moovie/hf-scrapers-api/src/main/kotlin/com/moovie/plugins/ProviderRegistry.kt:41:95 Type mismatch: inferred type is Int? but String? was expected
e: file:///home/sujeet/moovie/hf-scrapers-api/src/main/kotlin/com/moovie/plugins/ProviderRegistry.kt:41:120 Type mismatch: inferred type is (SubtitleFile) -> Unit but Int? was expected
e: file:///home/sujeet/moovie/hf-scrapers-api/src/main/kotlin/com/moovie/plugins/ProviderRegistry.kt:41:127 Type mismatch: inferred type is (ExtractorLink) -> Unit but (SubtitleFile) -> Unit was expected
e: file:///home/sujeet/moovie/hf-scrapers-api/src/main/kotlin/com/moovie/plugins/ProviderRegistry.kt:41:127 No value passed for parameter 'callback'

> Task :compileKotlin FAILED

[Incubating] Problems report is available at: file:///home/sujeet/moovie/hf-scrapers-api/build/reports/problems/problems-report.html

FAILURE: Build failed with an exception.

* What went wrong:
Execution failed for task ':compileKotlin'.
> A failure occurred while executing org.jetbrains.kotlin.compilerRunner.GradleCompilerRunnerWithWorkers$GradleKotlinCompilerWorkAction
   > Compilation error. See log for more details

* Try:
> Run with --stacktrace option to get the stack trace.
> Run with --info or --debug option to get more log output.
> Run with --scan to get full insights.
> Get more help at https://help.gradle.org.

Deprecated Gradle features were used in this build, making it incompatible with Gradle 9.0.

You can use '--warning-mode all' to show the individual deprecation warnings and determine if they come from your own scripts or plugins.

For more on this, please refer to https://docs.gradle.org/8.13/userguide/command_line_interface.html#sec:command_line_warnings in the Gradle documentation.

BUILD FAILED in 6s
2 actionable tasks: 2 executed
